2024-01-19 00:00:46,713:INFO: Loading the datasets...
2024-01-19 00:00:52,635:INFO: - done.
2024-01-19 00:00:52,687:INFO: Starting training for 100 epoch(s)
2024-01-19 00:00:52,687:INFO: Epoch 1/100
2024-01-19 00:01:02,309:INFO: - Train metrics: precison: 50.48; recall: 31.23; f1: 38.59; loss: 02.88
2024-01-19 00:01:03,037:INFO: - Eval metrics: precison: 50.55; recall: 30.71; f1: 38.21
2024-01-19 00:01:03,080:INFO: - Found new best F1
2024-01-19 00:01:03,081:INFO: Epoch 2/100
2024-01-19 00:01:12,421:INFO: - Train metrics: precison: 57.81; recall: 57.88; f1: 57.84; loss: 02.29
2024-01-19 00:01:13,161:INFO: - Eval metrics: precison: 58.78; recall: 57.62; f1: 58.19
2024-01-19 00:01:13,190:INFO: - Found new best F1
2024-01-19 00:01:13,200:INFO: Epoch 3/100
2024-01-19 00:01:22,527:INFO: - Train metrics: precison: 63.56; recall: 69.33; f1: 66.32; loss: 01.94
2024-01-19 00:01:23,276:INFO: - Eval metrics: precison: 62.80; recall: 68.31; f1: 65.44
2024-01-19 00:01:23,308:INFO: - Found new best F1
2024-01-19 00:01:23,308:INFO: Epoch 4/100
2024-01-19 00:01:32,627:INFO: - Train metrics: precison: 64.77; recall: 73.08; f1: 68.67; loss: 01.77
2024-01-19 00:01:33,340:INFO: - Eval metrics: precison: 64.81; recall: 72.87; f1: 68.60
2024-01-19 00:01:33,370:INFO: - Found new best F1
2024-01-19 00:01:33,371:INFO: Epoch 5/100
2024-01-19 00:01:42,797:INFO: - Train metrics: precison: 66.07; recall: 75.69; f1: 70.56; loss: 01.64
2024-01-19 00:01:43,517:INFO: - Eval metrics: precison: 64.97; recall: 74.12; f1: 69.24
2024-01-19 00:01:43,548:INFO: - Found new best F1
2024-01-19 00:01:43,548:INFO: Epoch 6/100
2024-01-19 00:01:52,952:INFO: - Train metrics: precison: 66.91; recall: 76.95; f1: 71.58; loss: 01.58
2024-01-19 00:01:53,701:INFO: - Eval metrics: precison: 66.89; recall: 76.31; f1: 71.29
2024-01-19 00:01:53,732:INFO: - Found new best F1
2024-01-19 00:01:53,732:INFO: Epoch 7/100
2024-01-19 00:02:03,426:INFO: - Train metrics: precison: 68.27; recall: 78.83; f1: 73.17; loss: 01.57
2024-01-19 00:02:04,176:INFO: - Eval metrics: precison: 66.94; recall: 76.40; f1: 71.36
2024-01-19 00:02:04,206:INFO: - Found new best F1
2024-01-19 00:02:04,206:INFO: Epoch 8/100
2024-01-19 00:02:13,523:INFO: - Train metrics: precison: 69.22; recall: 79.89; f1: 74.18; loss: 01.51
2024-01-19 00:02:14,248:INFO: - Eval metrics: precison: 68.59; recall: 78.19; f1: 73.07
2024-01-19 00:02:14,275:INFO: - Found new best F1
2024-01-19 00:02:14,275:INFO: Epoch 9/100
2024-01-19 00:02:23,425:INFO: - Train metrics: precison: 70.79; recall: 79.59; f1: 74.93; loss: 01.50
2024-01-19 00:02:24,140:INFO: - Eval metrics: precison: 69.77; recall: 77.29; f1: 73.34
2024-01-19 00:02:24,170:INFO: - Found new best F1
2024-01-19 00:02:24,170:INFO: Epoch 10/100
2024-01-19 00:02:33,377:INFO: - Train metrics: precison: 69.53; recall: 80.80; f1: 74.74; loss: 01.47
2024-01-19 00:02:34,108:INFO: - Eval metrics: precison: 69.07; recall: 79.26; f1: 73.81
2024-01-19 00:02:34,138:INFO: - Found new best F1
2024-01-19 00:02:34,138:INFO: Epoch 11/100
2024-01-19 00:02:43,359:INFO: - Train metrics: precison: 70.84; recall: 81.46; f1: 75.78; loss: 01.42
2024-01-19 00:02:44,076:INFO: - Eval metrics: precison: 69.40; recall: 79.08; f1: 73.92
2024-01-19 00:02:44,106:INFO: - Found new best F1
2024-01-19 00:02:44,106:INFO: Epoch 12/100
2024-01-19 00:02:53,312:INFO: - Train metrics: precison: 71.50; recall: 81.68; f1: 76.25; loss: 01.38
2024-01-19 00:02:54,035:INFO: - Eval metrics: precison: 69.62; recall: 79.08; f1: 74.05
2024-01-19 00:02:54,064:INFO: - Found new best F1
2024-01-19 00:02:54,064:INFO: Epoch 13/100
2024-01-19 00:03:03,487:INFO: - Train metrics: precison: 71.80; recall: 82.97; f1: 76.98; loss: 01.40
2024-01-19 00:03:04,225:INFO: - Eval metrics: precison: 69.64; recall: 79.48; f1: 74.24
2024-01-19 00:03:04,253:INFO: - Found new best F1
2024-01-19 00:03:04,253:INFO: Epoch 14/100
2024-01-19 00:03:13,454:INFO: - Train metrics: precison: 73.81; recall: 83.05; f1: 78.16; loss: 01.39
2024-01-19 00:03:14,183:INFO: - Eval metrics: precison: 71.80; recall: 79.57; f1: 75.49
2024-01-19 00:03:14,211:INFO: - Found new best F1
2024-01-19 00:03:14,211:INFO: Epoch 15/100
2024-01-19 00:03:23,405:INFO: - Train metrics: precison: 72.34; recall: 83.88; f1: 77.68; loss: 01.35
2024-01-19 00:03:24,133:INFO: - Eval metrics: precison: 69.91; recall: 80.29; f1: 74.74
2024-01-19 00:03:24,145:INFO: Epoch 16/100
2024-01-19 00:03:33,332:INFO: - Train metrics: precison: 73.81; recall: 83.05; f1: 78.16; loss: 01.33
2024-01-19 00:03:34,071:INFO: - Eval metrics: precison: 71.80; recall: 79.88; f1: 75.62
2024-01-19 00:03:34,101:INFO: - Found new best F1
2024-01-19 00:03:34,101:INFO: Epoch 17/100
2024-01-19 00:03:43,276:INFO: - Train metrics: precison: 73.16; recall: 83.51; f1: 77.99; loss: 01.32
2024-01-19 00:03:43,992:INFO: - Eval metrics: precison: 70.99; recall: 80.20; f1: 75.31
2024-01-19 00:03:44,004:INFO: Epoch 18/100
2024-01-19 00:03:53,135:INFO: - Train metrics: precison: 73.69; recall: 84.25; f1: 78.62; loss: 01.31
2024-01-19 00:03:53,861:INFO: - Eval metrics: precison: 71.65; recall: 81.00; f1: 76.04
2024-01-19 00:03:53,890:INFO: - Found new best F1
2024-01-19 00:03:53,890:INFO: Epoch 19/100
2024-01-19 00:04:03,059:INFO: - Train metrics: precison: 73.26; recall: 83.92; f1: 78.23; loss: 01.29
2024-01-19 00:04:03,770:INFO: - Eval metrics: precison: 70.97; recall: 80.87; f1: 75.60
2024-01-19 00:04:03,782:INFO: Epoch 20/100
2024-01-19 00:04:12,920:INFO: - Train metrics: precison: 74.33; recall: 84.05; f1: 78.89; loss: 01.28
2024-01-19 00:04:13,610:INFO: - Eval metrics: precison: 71.43; recall: 80.38; f1: 75.64
2024-01-19 00:04:13,622:INFO: Epoch 21/100
2024-01-19 00:04:22,766:INFO: - Train metrics: precison: 74.25; recall: 84.36; f1: 78.98; loss: 01.27
2024-01-19 00:04:23,487:INFO: - Eval metrics: precison: 71.27; recall: 80.51; f1: 75.61
2024-01-19 00:04:23,499:INFO: Epoch 22/100
2024-01-19 00:04:32,163:INFO: - Train metrics: precison: 74.64; recall: 85.07; f1: 79.51; loss: 01.25
2024-01-19 00:04:32,824:INFO: - Eval metrics: precison: 71.81; recall: 80.87; f1: 76.07
2024-01-19 00:04:32,856:INFO: - Found new best F1
2024-01-19 00:04:32,856:INFO: Epoch 23/100
2024-01-19 00:04:41,292:INFO: - Train metrics: precison: 74.07; recall: 84.78; f1: 79.06; loss: 01.25
2024-01-19 00:04:41,950:INFO: - Eval metrics: precison: 71.97; recall: 81.27; f1: 76.34
2024-01-19 00:04:41,979:INFO: - Found new best F1
2024-01-19 00:04:41,979:INFO: Epoch 24/100
2024-01-19 00:04:50,318:INFO: - Train metrics: precison: 76.13; recall: 85.74; f1: 80.65; loss: 01.27
2024-01-19 00:04:50,968:INFO: - Eval metrics: precison: 72.61; recall: 81.31; f1: 76.72
2024-01-19 00:04:50,997:INFO: - Found new best F1
2024-01-19 00:04:50,997:INFO: Epoch 25/100
2024-01-19 00:04:59,365:INFO: - Train metrics: precison: 76.21; recall: 85.22; f1: 80.46; loss: 01.22
2024-01-19 00:05:00,013:INFO: - Eval metrics: precison: 73.32; recall: 81.45; f1: 77.17
2024-01-19 00:05:00,043:INFO: - Found new best F1
2024-01-19 00:05:00,043:INFO: Epoch 26/100
2024-01-19 00:05:08,477:INFO: - Train metrics: precison: 75.32; recall: 85.55; f1: 80.11; loss: 01.22
2024-01-19 00:05:09,125:INFO: - Eval metrics: precison: 72.93; recall: 82.12; f1: 77.25
2024-01-19 00:05:09,161:INFO: - Found new best F1
2024-01-19 00:05:09,162:INFO: Epoch 27/100
2024-01-19 00:05:17,565:INFO: - Train metrics: precison: 76.28; recall: 85.99; f1: 80.85; loss: 01.22
2024-01-19 00:05:18,218:INFO: - Eval metrics: precison: 73.83; recall: 82.34; f1: 77.85
2024-01-19 00:05:18,246:INFO: - Found new best F1
2024-01-19 00:05:18,247:INFO: Epoch 28/100
2024-01-19 00:05:26,648:INFO: - Train metrics: precison: 75.62; recall: 86.31; f1: 80.61; loss: 01.20
2024-01-19 00:05:27,303:INFO: - Eval metrics: precison: 72.95; recall: 82.48; f1: 77.42
2024-01-19 00:05:27,314:INFO: Epoch 29/100
2024-01-19 00:05:35,802:INFO: - Train metrics: precison: 76.46; recall: 86.48; f1: 81.16; loss: 01.18
2024-01-19 00:05:36,451:INFO: - Eval metrics: precison: 73.16; recall: 81.90; f1: 77.28
2024-01-19 00:05:36,462:INFO: Epoch 30/100
2024-01-19 00:05:44,853:INFO: - Train metrics: precison: 76.10; recall: 86.42; f1: 80.93; loss: 01.20
2024-01-19 00:05:45,511:INFO: - Eval metrics: precison: 73.26; recall: 82.57; f1: 77.64
2024-01-19 00:05:45,523:INFO: Epoch 31/100
2024-01-19 00:05:53,928:INFO: - Train metrics: precison: 76.47; recall: 86.75; f1: 81.29; loss: 01.18
2024-01-19 00:05:54,599:INFO: - Eval metrics: precison: 73.69; recall: 82.66; f1: 77.92
2024-01-19 00:05:54,628:INFO: - Found new best F1
2024-01-19 00:05:54,628:INFO: Epoch 32/100
2024-01-19 00:06:03,197:INFO: - Train metrics: precison: 76.31; recall: 86.80; f1: 81.22; loss: 01.17
2024-01-19 00:06:03,866:INFO: - Eval metrics: precison: 73.70; recall: 82.79; f1: 77.98
2024-01-19 00:06:03,891:INFO: - Found new best F1
2024-01-19 00:06:03,891:INFO: Epoch 33/100
2024-01-19 00:06:12,933:INFO: - Train metrics: precison: 77.55; recall: 86.75; f1: 81.89; loss: 01.17
2024-01-19 00:06:13,629:INFO: - Eval metrics: precison: 74.13; recall: 81.72; f1: 77.74
2024-01-19 00:06:13,640:INFO: Epoch 34/100
2024-01-19 00:06:23,130:INFO: - Train metrics: precison: 78.22; recall: 87.19; f1: 82.46; loss: 01.16
2024-01-19 00:06:23,914:INFO: - Eval metrics: precison: 74.97; recall: 82.21; f1: 78.42
2024-01-19 00:06:23,941:INFO: - Found new best F1
2024-01-19 00:06:23,942:INFO: Epoch 35/100
2024-01-19 00:06:33,461:INFO: - Train metrics: precison: 77.89; recall: 87.00; f1: 82.19; loss: 01.16
2024-01-19 00:06:34,168:INFO: - Eval metrics: precison: 74.61; recall: 82.48; f1: 78.34
2024-01-19 00:06:34,179:INFO: Epoch 36/100
2024-01-19 00:06:43,244:INFO: - Train metrics: precison: 76.93; recall: 87.18; f1: 81.73; loss: 01.16
2024-01-19 00:06:43,952:INFO: - Eval metrics: precison: 73.61; recall: 82.16; f1: 77.65
2024-01-19 00:06:43,963:INFO: Epoch 37/100
2024-01-19 00:06:52,963:INFO: - Train metrics: precison: 77.93; recall: 87.50; f1: 82.44; loss: 01.13
2024-01-19 00:06:53,672:INFO: - Eval metrics: precison: 73.70; recall: 81.81; f1: 77.54
2024-01-19 00:06:53,684:INFO: Epoch 38/100
2024-01-19 00:07:02,725:INFO: - Train metrics: precison: 78.19; recall: 87.97; f1: 82.79; loss: 01.12
2024-01-19 00:07:03,444:INFO: - Eval metrics: precison: 74.42; recall: 82.70; f1: 78.34
2024-01-19 00:07:03,455:INFO: Epoch 39/100
2024-01-19 00:07:12,525:INFO: - Train metrics: precison: 78.61; recall: 88.18; f1: 83.12; loss: 01.12
2024-01-19 00:07:13,238:INFO: - Eval metrics: precison: 75.11; recall: 82.97; f1: 78.84
2024-01-19 00:07:13,267:INFO: - Found new best F1
2024-01-19 00:07:13,267:INFO: Epoch 40/100
2024-01-19 00:07:22,327:INFO: - Train metrics: precison: 77.98; recall: 88.42; f1: 82.88; loss: 01.13
2024-01-19 00:07:23,042:INFO: - Eval metrics: precison: 73.72; recall: 82.74; f1: 77.97
2024-01-19 00:07:23,053:INFO: Epoch 41/100
2024-01-19 00:07:32,089:INFO: - Train metrics: precison: 78.91; recall: 88.04; f1: 83.22; loss: 01.13
2024-01-19 00:07:32,815:INFO: - Eval metrics: precison: 74.89; recall: 82.79; f1: 78.64
2024-01-19 00:07:32,827:INFO: Epoch 42/100
2024-01-19 00:07:41,064:INFO: - Train metrics: precison: 80.65; recall: 87.56; f1: 83.96; loss: 01.11
2024-01-19 00:07:41,711:INFO: - Eval metrics: precison: 76.22; recall: 81.81; f1: 78.91
2024-01-19 00:07:41,741:INFO: - Found new best F1
2024-01-19 00:07:41,741:INFO: Epoch 43/100
2024-01-19 00:07:50,129:INFO: - Train metrics: precison: 80.24; recall: 88.00; f1: 83.94; loss: 01.09
2024-01-19 00:07:50,783:INFO: - Eval metrics: precison: 75.75; recall: 81.98; f1: 78.75
2024-01-19 00:07:50,795:INFO: Epoch 44/100
2024-01-19 00:07:59,147:INFO: - Train metrics: precison: 78.99; recall: 88.68; f1: 83.56; loss: 01.08
2024-01-19 00:07:59,802:INFO: - Eval metrics: precison: 74.24; recall: 82.57; f1: 78.18
2024-01-19 00:07:59,814:INFO: Epoch 45/100
2024-01-19 00:08:08,118:INFO: - Train metrics: precison: 78.68; recall: 88.53; f1: 83.31; loss: 01.09
2024-01-19 00:08:08,775:INFO: - Eval metrics: precison: 74.73; recall: 83.01; f1: 78.65
2024-01-19 00:08:08,787:INFO: Epoch 46/100
2024-01-19 00:08:17,094:INFO: - Train metrics: precison: 81.12; recall: 88.42; f1: 84.61; loss: 01.09
2024-01-19 00:08:17,741:INFO: - Eval metrics: precison: 76.56; recall: 81.90; f1: 79.14
2024-01-19 00:08:17,767:INFO: - Found new best F1
2024-01-19 00:08:17,768:INFO: Epoch 47/100
2024-01-19 00:08:26,036:INFO: - Train metrics: precison: 79.59; recall: 88.92; f1: 84.00; loss: 01.07
2024-01-19 00:08:26,686:INFO: - Eval metrics: precison: 74.55; recall: 82.74; f1: 78.43
2024-01-19 00:08:26,697:INFO: Epoch 48/100
2024-01-19 00:08:34,975:INFO: - Train metrics: precison: 79.29; recall: 88.97; f1: 83.85; loss: 01.07
2024-01-19 00:08:35,625:INFO: - Eval metrics: precison: 74.66; recall: 83.37; f1: 78.78
2024-01-19 00:08:35,636:INFO: Epoch 49/100
2024-01-19 00:08:43,914:INFO: - Train metrics: precison: 79.25; recall: 89.27; f1: 83.96; loss: 01.07
2024-01-19 00:08:44,558:INFO: - Eval metrics: precison: 74.43; recall: 83.01; f1: 78.49
2024-01-19 00:08:44,569:INFO: Epoch 50/100
2024-01-19 00:08:52,843:INFO: - Train metrics: precison: 79.69; recall: 89.41; f1: 84.27; loss: 01.06
2024-01-19 00:08:53,493:INFO: - Eval metrics: precison: 75.07; recall: 83.46; f1: 79.04
2024-01-19 00:08:53,503:INFO: Epoch 51/100
2024-01-19 00:09:01,780:INFO: - Train metrics: precison: 80.11; recall: 89.36; f1: 84.48; loss: 01.07
2024-01-19 00:09:02,432:INFO: - Eval metrics: precison: 75.31; recall: 83.46; f1: 79.18
2024-01-19 00:09:02,460:INFO: - Found new best F1
2024-01-19 00:09:02,460:INFO: Epoch 52/100
2024-01-19 00:09:10,753:INFO: - Train metrics: precison: 80.35; recall: 88.89; f1: 84.40; loss: 01.06
2024-01-19 00:09:11,401:INFO: - Eval metrics: precison: 75.89; recall: 82.61; f1: 79.11
2024-01-19 00:09:11,413:INFO: Epoch 53/100
2024-01-19 00:09:19,693:INFO: - Train metrics: precison: 80.79; recall: 89.03; f1: 84.71; loss: 01.05
2024-01-19 00:09:20,342:INFO: - Eval metrics: precison: 76.53; recall: 83.24; f1: 79.74
2024-01-19 00:09:20,370:INFO: - Found new best F1
2024-01-19 00:09:20,370:INFO: Epoch 54/100
2024-01-19 00:09:28,644:INFO: - Train metrics: precison: 80.12; recall: 89.17; f1: 84.40; loss: 01.06
2024-01-19 00:09:29,289:INFO: - Eval metrics: precison: 74.92; recall: 82.39; f1: 78.48
2024-01-19 00:09:29,302:INFO: Epoch 55/100
2024-01-19 00:09:37,612:INFO: - Train metrics: precison: 80.38; recall: 89.47; f1: 84.68; loss: 01.03
2024-01-19 00:09:38,257:INFO: - Eval metrics: precison: 75.41; recall: 83.06; f1: 79.05
2024-01-19 00:09:38,269:INFO: Epoch 56/100
2024-01-19 00:09:46,534:INFO: - Train metrics: precison: 82.13; recall: 89.47; f1: 85.64; loss: 01.05
2024-01-19 00:09:47,183:INFO: - Eval metrics: precison: 77.27; recall: 83.10; f1: 80.08
2024-01-19 00:09:47,212:INFO: - Found new best F1
2024-01-19 00:09:47,213:INFO: Epoch 57/100
2024-01-19 00:09:55,478:INFO: - Train metrics: precison: 80.86; recall: 89.79; f1: 85.09; loss: 01.02
2024-01-19 00:09:56,127:INFO: - Eval metrics: precison: 75.35; recall: 83.24; f1: 79.10
2024-01-19 00:09:56,138:INFO: Epoch 58/100
2024-01-19 00:10:04,431:INFO: - Train metrics: precison: 81.10; recall: 90.36; f1: 85.48; loss: 01.02
2024-01-19 00:10:05,082:INFO: - Eval metrics: precison: 75.60; recall: 83.64; f1: 79.41
2024-01-19 00:10:05,093:INFO: Epoch 59/100
2024-01-19 00:10:13,433:INFO: - Train metrics: precison: 81.80; recall: 89.95; f1: 85.68; loss: 01.01
2024-01-19 00:10:14,091:INFO: - Eval metrics: precison: 76.20; recall: 83.15; f1: 79.52
2024-01-19 00:10:14,102:INFO: Epoch 60/100
2024-01-19 00:10:22,418:INFO: - Train metrics: precison: 82.40; recall: 89.68; f1: 85.89; loss: 01.03
2024-01-19 00:10:23,075:INFO: - Eval metrics: precison: 77.08; recall: 82.83; f1: 79.85
2024-01-19 00:10:23,087:INFO: Epoch 61/100
2024-01-19 00:10:31,407:INFO: - Train metrics: precison: 81.35; recall: 90.20; f1: 85.54; loss: 01.03
2024-01-19 00:10:32,066:INFO: - Eval metrics: precison: 76.50; recall: 83.82; f1: 79.99
2024-01-19 00:10:32,078:INFO: Epoch 62/100
2024-01-19 00:10:40,422:INFO: - Train metrics: precison: 80.75; recall: 90.42; f1: 85.31; loss: 01.00
2024-01-19 00:10:41,070:INFO: - Eval metrics: precison: 75.70; recall: 83.82; f1: 79.55
2024-01-19 00:10:41,081:INFO: Epoch 63/100
2024-01-19 00:10:49,385:INFO: - Train metrics: precison: 82.61; recall: 90.41; f1: 86.34; loss: 00.99
2024-01-19 00:10:50,038:INFO: - Eval metrics: precison: 76.91; recall: 82.92; f1: 79.80
2024-01-19 00:10:50,049:INFO: Epoch 64/100
2024-01-19 00:10:58,593:INFO: - Train metrics: precison: 82.67; recall: 90.46; f1: 86.39; loss: 01.01
2024-01-19 00:10:59,249:INFO: - Eval metrics: precison: 77.17; recall: 83.55; f1: 80.23
2024-01-19 00:10:59,276:INFO: - Found new best F1
2024-01-19 00:10:59,276:INFO: Epoch 65/100
2024-01-19 00:11:07,644:INFO: - Train metrics: precison: 81.77; recall: 90.68; f1: 86.00; loss: 01.00
2024-01-19 00:11:08,297:INFO: - Eval metrics: precison: 76.53; recall: 84.71; f1: 80.42
2024-01-19 00:11:08,324:INFO: - Found new best F1
2024-01-19 00:11:08,325:INFO: Epoch 66/100
2024-01-19 00:11:16,778:INFO: - Train metrics: precison: 81.79; recall: 90.71; f1: 86.02; loss: 00.98
2024-01-19 00:11:17,437:INFO: - Eval metrics: precison: 76.31; recall: 84.09; f1: 80.01
2024-01-19 00:11:17,449:INFO: Epoch 67/100
2024-01-19 00:11:25,838:INFO: - Train metrics: precison: 82.66; recall: 90.68; f1: 86.48; loss: 01.00
2024-01-19 00:11:26,495:INFO: - Eval metrics: precison: 77.12; recall: 83.46; f1: 80.16
2024-01-19 00:11:26,506:INFO: Epoch 68/100
2024-01-19 00:11:34,908:INFO: - Train metrics: precison: 83.31; recall: 90.52; f1: 86.76; loss: 00.98
2024-01-19 00:11:35,567:INFO: - Eval metrics: precison: 77.75; recall: 83.59; f1: 80.57
2024-01-19 00:11:35,595:INFO: - Found new best F1
2024-01-19 00:11:35,596:INFO: Epoch 69/100
2024-01-19 00:11:43,974:INFO: - Train metrics: precison: 82.83; recall: 90.64; f1: 86.56; loss: 00.97
2024-01-19 00:11:44,630:INFO: - Eval metrics: precison: 77.51; recall: 83.64; f1: 80.46
2024-01-19 00:11:44,642:INFO: Epoch 70/100
2024-01-19 00:11:53,022:INFO: - Train metrics: precison: 83.00; recall: 90.83; f1: 86.74; loss: 00.99
2024-01-19 00:11:53,687:INFO: - Eval metrics: precison: 76.93; recall: 83.46; f1: 80.06
2024-01-19 00:11:53,699:INFO: Epoch 71/100
2024-01-19 00:12:02,099:INFO: - Train metrics: precison: 82.63; recall: 90.44; f1: 86.36; loss: 00.97
2024-01-19 00:12:02,758:INFO: - Eval metrics: precison: 77.09; recall: 83.46; f1: 80.15
2024-01-19 00:12:02,770:INFO: Epoch 72/100
2024-01-19 00:12:11,198:INFO: - Train metrics: precison: 83.67; recall: 90.67; f1: 87.03; loss: 00.95
2024-01-19 00:12:11,867:INFO: - Eval metrics: precison: 77.65; recall: 83.42; f1: 80.43
2024-01-19 00:12:11,879:INFO: Epoch 73/100
2024-01-19 00:12:20,272:INFO: - Train metrics: precison: 82.88; recall: 90.71; f1: 86.62; loss: 00.96
2024-01-19 00:12:20,924:INFO: - Eval metrics: precison: 77.75; recall: 83.86; f1: 80.69
2024-01-19 00:12:20,958:INFO: - Found new best F1
2024-01-19 00:12:20,959:INFO: Epoch 74/100
2024-01-19 00:12:29,350:INFO: - Train metrics: precison: 82.56; recall: 91.53; f1: 86.82; loss: 00.97
2024-01-19 00:12:30,014:INFO: - Eval metrics: precison: 76.63; recall: 84.13; f1: 80.20
2024-01-19 00:12:30,025:INFO: Epoch 75/100
2024-01-19 00:12:38,408:INFO: - Train metrics: precison: 83.11; recall: 90.82; f1: 86.80; loss: 00.98
2024-01-19 00:12:39,069:INFO: - Eval metrics: precison: 77.40; recall: 83.46; f1: 80.32
2024-01-19 00:12:39,080:INFO: Epoch 76/100
2024-01-19 00:12:47,491:INFO: - Train metrics: precison: 82.83; recall: 91.06; f1: 86.75; loss: 00.96
2024-01-19 00:12:48,151:INFO: - Eval metrics: precison: 76.98; recall: 83.86; f1: 80.27
2024-01-19 00:12:48,162:INFO: Epoch 77/100
2024-01-19 00:12:56,568:INFO: - Train metrics: precison: 83.14; recall: 91.41; f1: 87.08; loss: 00.96
2024-01-19 00:12:57,228:INFO: - Eval metrics: precison: 76.89; recall: 84.18; f1: 80.37
2024-01-19 00:12:57,240:INFO: Epoch 78/100
2024-01-19 00:13:05,748:INFO: - Train metrics: precison: 82.44; recall: 91.70; f1: 86.82; loss: 00.94
2024-01-19 00:13:06,409:INFO: - Eval metrics: precison: 76.55; recall: 84.62; f1: 80.38
2024-01-19 00:13:06,420:INFO: Epoch 79/100
2024-01-19 00:13:14,832:INFO: - Train metrics: precison: 83.48; recall: 91.90; f1: 87.49; loss: 00.94
2024-01-19 00:13:15,493:INFO: - Eval metrics: precison: 77.46; recall: 84.35; f1: 80.76
2024-01-19 00:13:15,518:INFO: - Found new best F1
2024-01-19 00:13:15,519:INFO: Epoch 80/100
2024-01-19 00:13:23,912:INFO: - Train metrics: precison: 82.64; recall: 91.88; f1: 87.02; loss: 00.93
2024-01-19 00:13:24,578:INFO: - Eval metrics: precison: 76.34; recall: 84.40; f1: 80.17
2024-01-19 00:13:24,590:INFO: Epoch 81/100
2024-01-19 00:13:33,073:INFO: - Train metrics: precison: 83.71; recall: 91.64; f1: 87.50; loss: 00.95
2024-01-19 00:13:33,737:INFO: - Eval metrics: precison: 77.42; recall: 84.13; f1: 80.63
2024-01-19 00:13:33,749:INFO: Epoch 82/100
2024-01-19 00:13:42,160:INFO: - Train metrics: precison: 83.70; recall: 91.56; f1: 87.46; loss: 00.93
2024-01-19 00:13:42,821:INFO: - Eval metrics: precison: 77.26; recall: 83.68; f1: 80.34
2024-01-19 00:13:42,833:INFO: Epoch 83/100
2024-01-19 00:13:51,216:INFO: - Train metrics: precison: 83.78; recall: 91.23; f1: 87.35; loss: 00.93
2024-01-19 00:13:51,879:INFO: - Eval metrics: precison: 77.38; recall: 83.33; f1: 80.24
2024-01-19 00:13:51,890:INFO: Epoch 84/100
2024-01-19 00:14:00,309:INFO: - Train metrics: precison: 83.56; recall: 91.35; f1: 87.28; loss: 00.92
2024-01-19 00:14:00,972:INFO: - Eval metrics: precison: 77.87; recall: 84.18; f1: 80.90
2024-01-19 00:14:01,002:INFO: - Found new best F1
2024-01-19 00:14:01,002:INFO: Epoch 85/100
2024-01-19 00:14:09,381:INFO: - Train metrics: precison: 85.54; recall: 91.41; f1: 88.38; loss: 00.92
2024-01-19 00:14:10,042:INFO: - Eval metrics: precison: 78.66; recall: 83.24; f1: 80.89
2024-01-19 00:14:10,053:INFO: Epoch 86/100
2024-01-19 00:14:18,489:INFO: - Train metrics: precison: 83.55; recall: 91.64; f1: 87.41; loss: 00.93
2024-01-19 00:14:19,148:INFO: - Eval metrics: precison: 77.42; recall: 84.00; f1: 80.57
2024-01-19 00:14:19,159:INFO: Epoch 87/100
2024-01-19 00:14:27,549:INFO: - Train metrics: precison: 84.54; recall: 92.12; f1: 88.17; loss: 00.90
2024-01-19 00:14:28,202:INFO: - Eval metrics: precison: 78.27; recall: 84.53; f1: 81.28
2024-01-19 00:14:28,230:INFO: - Found new best F1
2024-01-19 00:14:28,230:INFO: Epoch 88/100
2024-01-19 00:14:36,640:INFO: - Train metrics: precison: 84.71; recall: 91.87; f1: 88.14; loss: 00.93
2024-01-19 00:14:37,303:INFO: - Eval metrics: precison: 78.20; recall: 84.04; f1: 81.02
2024-01-19 00:14:37,314:INFO: Epoch 89/100
2024-01-19 00:14:45,739:INFO: - Train metrics: precison: 83.85; recall: 92.28; f1: 87.86; loss: 00.92
2024-01-19 00:14:46,405:INFO: - Eval metrics: precison: 77.15; recall: 84.22; f1: 80.53
2024-01-19 00:14:46,416:INFO: Epoch 90/100
2024-01-19 00:14:54,816:INFO: - Train metrics: precison: 84.14; recall: 92.37; f1: 88.06; loss: 00.91
2024-01-19 00:14:55,477:INFO: - Eval metrics: precison: 77.16; recall: 84.26; f1: 80.56
2024-01-19 00:14:55,489:INFO: Epoch 91/100
2024-01-19 00:15:03,879:INFO: - Train metrics: precison: 84.36; recall: 92.34; f1: 88.17; loss: 00.90
2024-01-19 00:15:04,541:INFO: - Eval metrics: precison: 78.35; recall: 84.31; f1: 81.22
2024-01-19 00:15:04,552:INFO: Epoch 92/100
2024-01-19 00:15:12,934:INFO: - Train metrics: precison: 84.56; recall: 92.35; f1: 88.29; loss: 00.89
2024-01-19 00:15:13,593:INFO: - Eval metrics: precison: 78.22; recall: 84.26; f1: 81.13
2024-01-19 00:15:13,605:INFO: Epoch 93/100
2024-01-19 00:15:21,982:INFO: - Train metrics: precison: 84.59; recall: 92.31; f1: 88.28; loss: 00.89
2024-01-19 00:15:22,648:INFO: - Eval metrics: precison: 78.40; recall: 84.71; f1: 81.44
2024-01-19 00:15:22,677:INFO: - Found new best F1
2024-01-19 00:15:22,677:INFO: Epoch 94/100
2024-01-19 00:15:31,090:INFO: - Train metrics: precison: 83.57; recall: 92.67; f1: 87.88; loss: 00.88
2024-01-19 00:15:31,757:INFO: - Eval metrics: precison: 76.42; recall: 85.02; f1: 80.49
2024-01-19 00:15:31,768:INFO: Epoch 95/100
2024-01-19 00:15:40,189:INFO: - Train metrics: precison: 84.44; recall: 92.61; f1: 88.33; loss: 00.89
2024-01-19 00:15:40,854:INFO: - Eval metrics: precison: 77.09; recall: 84.40; f1: 80.58
2024-01-19 00:15:40,865:INFO: Epoch 96/100
2024-01-19 00:15:49,265:INFO: - Train metrics: precison: 85.77; recall: 92.58; f1: 89.05; loss: 00.88
2024-01-19 00:15:49,920:INFO: - Eval metrics: precison: 78.62; recall: 84.35; f1: 81.39
2024-01-19 00:15:49,931:INFO: Epoch 97/100
2024-01-19 00:15:58,307:INFO: - Train metrics: precison: 85.54; recall: 92.64; f1: 88.95; loss: 00.89
2024-01-19 00:15:58,967:INFO: - Eval metrics: precison: 78.97; recall: 84.76; f1: 81.76
2024-01-19 00:15:58,995:INFO: - Found new best F1
2024-01-19 00:15:58,996:INFO: Epoch 98/100
2024-01-19 00:16:07,392:INFO: - Train metrics: precison: 84.12; recall: 93.07; f1: 88.37; loss: 00.87
2024-01-19 00:16:08,055:INFO: - Eval metrics: precison: 76.85; recall: 85.16; f1: 80.79
2024-01-19 00:16:08,066:INFO: Epoch 99/100
2024-01-19 00:16:16,512:INFO: - Train metrics: precison: 86.42; recall: 92.59; f1: 89.40; loss: 00.84
2024-01-19 00:16:17,171:INFO: - Eval metrics: precison: 79.08; recall: 84.49; f1: 81.69
2024-01-19 00:16:17,182:INFO: Epoch 100/100
2024-01-19 00:16:25,583:INFO: - Train metrics: precison: 86.38; recall: 92.69; f1: 89.42; loss: 00.87
2024-01-19 00:16:26,241:INFO: - Eval metrics: precison: 79.01; recall: 84.62; f1: 81.72
2024-01-19 00:16:26,252:INFO: best val f1: 81.76
