2024-01-19 01:23:00,615:INFO: Loading the datasets...
2024-01-19 01:23:06,331:INFO: - done.
2024-01-19 01:23:06,366:INFO: Starting training for 100  epoch(s)
2024-01-19 01:23:06,366:INFO: Epoch 1/100
2024-01-19 01:23:23,660:INFO: - Train metrics: precison: 61.60; recall: 41.99; f1: 49.94; loss: 02.37
2024-01-19 01:23:25,439:INFO: - Eval metrics: precison: 59.48; recall: 40.10; f1: 47.90
2024-01-19 01:23:25,465:INFO: - Found new best F1
2024-01-19 01:23:25,466:INFO: Epoch 2/100
2024-01-19 01:23:42,602:INFO: - Train metrics: precison: 72.11; recall: 64.57; f1: 68.13; loss: 01.49
2024-01-19 01:23:44,387:INFO: - Eval metrics: precison: 71.80; recall: 63.61; f1: 67.46
2024-01-19 01:23:44,413:INFO: - Found new best F1
2024-01-19 01:23:44,413:INFO: Epoch 3/100
2024-01-19 01:24:01,413:INFO: - Train metrics: precison: 76.45; recall: 72.96; f1: 74.66; loss: 01.12
2024-01-19 01:24:03,194:INFO: - Eval metrics: precison: 74.34; recall: 69.29; f1: 71.73
2024-01-19 01:24:03,222:INFO: - Found new best F1
2024-01-19 01:24:03,222:INFO: Epoch 4/100
2024-01-19 01:24:20,137:INFO: - Train metrics: precison: 79.75; recall: 76.80; f1: 78.25; loss: 00.93
2024-01-19 01:24:21,918:INFO: - Eval metrics: precison: 75.64; recall: 71.48; f1: 73.50
2024-01-19 01:24:21,947:INFO: - Found new best F1
2024-01-19 01:24:21,947:INFO: Epoch 5/100
2024-01-19 01:24:38,930:INFO: - Train metrics: precison: 82.53; recall: 80.21; f1: 81.35; loss: 00.81
2024-01-19 01:24:40,716:INFO: - Eval metrics: precison: 76.37; recall: 72.69; f1: 74.48
2024-01-19 01:24:40,745:INFO: - Found new best F1
2024-01-19 01:24:40,746:INFO: Epoch 6/100
2024-01-19 01:24:57,623:INFO: - Train metrics: precison: 84.63; recall: 82.75; f1: 83.68; loss: 00.72
2024-01-19 01:24:59,389:INFO: - Eval metrics: precison: 77.06; recall: 73.45; f1: 75.21
2024-01-19 01:24:59,419:INFO: - Found new best F1
2024-01-19 01:24:59,420:INFO: Epoch 7/100
2024-01-19 01:25:16,280:INFO: - Train metrics: precison: 86.72; recall: 85.31; f1: 86.01; loss: 00.63
2024-01-19 01:25:18,052:INFO: - Eval metrics: precison: 77.34; recall: 74.47; f1: 75.88
2024-01-19 01:25:18,079:INFO: - Found new best F1
2024-01-19 01:25:18,080:INFO: Epoch 8/100
2024-01-19 01:25:34,970:INFO: - Train metrics: precison: 89.04; recall: 87.28; f1: 88.15; loss: 00.56
2024-01-19 01:25:36,746:INFO: - Eval metrics: precison: 77.55; recall: 74.12; f1: 75.79
2024-01-19 01:25:36,757:INFO: Epoch 9/100
2024-01-19 01:25:53,691:INFO: - Train metrics: precison: 90.83; recall: 89.48; f1: 90.15; loss: 00.49
2024-01-19 01:25:55,470:INFO: - Eval metrics: precison: 77.30; recall: 74.30; f1: 75.77
2024-01-19 01:25:55,481:INFO: Epoch 10/100
2024-01-19 01:26:12,389:INFO: - Train metrics: precison: 91.91; recall: 91.14; f1: 91.52; loss: 00.43
2024-01-19 01:26:14,161:INFO: - Eval metrics: precison: 76.73; recall: 74.16; f1: 75.43
2024-01-19 01:26:14,172:INFO: Epoch 11/100
2024-01-19 01:26:31,046:INFO: - Train metrics: precison: 92.87; recall: 92.26; f1: 92.56; loss: 00.37
2024-01-19 01:26:32,823:INFO: - Eval metrics: precison: 76.51; recall: 74.56; f1: 75.53
2024-01-19 01:26:32,835:INFO: Epoch 12/100
2024-01-19 01:26:49,747:INFO: - Train metrics: precison: 93.57; recall: 93.82; f1: 93.70; loss: 00.32
2024-01-19 01:26:51,562:INFO: - Eval metrics: precison: 75.74; recall: 75.23; f1: 75.49
2024-01-19 01:26:51,573:INFO: Epoch 13/100
2024-01-19 01:27:08,473:INFO: - Train metrics: precison: 95.26; recall: 94.32; f1: 94.79; loss: 00.27
2024-01-19 01:27:10,258:INFO: - Eval metrics: precison: 76.35; recall: 73.31; f1: 74.80
2024-01-19 01:27:10,269:INFO: Epoch 14/100
2024-01-19 01:27:27,131:INFO: - Train metrics: precison: 96.19; recall: 95.01; f1: 95.60; loss: 00.23
2024-01-19 01:27:28,903:INFO: - Eval metrics: precison: 76.80; recall: 73.27; f1: 74.99
2024-01-19 01:27:28,914:INFO: Epoch 15/100
2024-01-19 01:27:45,825:INFO: - Train metrics: precison: 97.50; recall: 92.19; f1: 94.77; loss: 00.19
2024-01-19 01:27:47,598:INFO: - Eval metrics: precison: 78.54; recall: 69.51; f1: 73.75
2024-01-19 01:27:47,609:INFO: Epoch 16/100
2024-01-19 01:28:04,561:INFO: - Train metrics: precison: 96.75; recall: 97.56; f1: 97.15; loss: 00.16
2024-01-19 01:28:06,328:INFO: - Eval metrics: precison: 74.62; recall: 75.46; f1: 75.04
2024-01-19 01:28:06,338:INFO: Epoch 17/100
2024-01-19 01:28:23,370:INFO: - Train metrics: precison: 97.59; recall: 98.16; f1: 97.87; loss: 00.14
2024-01-19 01:28:25,149:INFO: - Eval metrics: precison: 75.41; recall: 75.82; f1: 75.61
2024-01-19 01:28:25,160:INFO: Epoch 18/100
2024-01-19 01:28:42,091:INFO: - Train metrics: precison: 98.38; recall: 97.69; f1: 98.04; loss: 00.11
2024-01-19 01:28:43,861:INFO: - Eval metrics: precison: 75.57; recall: 73.85; f1: 74.70
2024-01-19 01:28:43,872:INFO: Epoch 19/100
2024-01-19 01:29:00,743:INFO: - Train metrics: precison: 98.02; recall: 93.76; f1: 95.84; loss: 00.09
2024-01-19 01:29:02,536:INFO: - Eval metrics: precison: 76.69; recall: 68.98; f1: 72.63
2024-01-19 01:29:02,547:INFO: Epoch 20/100
2024-01-19 01:29:19,437:INFO: - Train metrics: precison: 94.55; recall: 98.47; f1: 96.47; loss: 00.07
2024-01-19 01:29:21,191:INFO: - Eval metrics: precison: 70.64; recall: 77.96; f1: 74.12
2024-01-19 01:29:21,202:INFO: Epoch 21/100
2024-01-19 01:29:38,115:INFO: - Train metrics: precison: 99.05; recall: 98.41; f1: 98.73; loss: 00.06
2024-01-19 01:29:39,897:INFO: - Eval metrics: precison: 75.41; recall: 73.63; f1: 74.51
2024-01-19 01:29:39,909:INFO: Epoch 22/100
2024-01-19 01:29:56,806:INFO: - Train metrics: precison: 99.33; recall: 98.77; f1: 99.05; loss: 00.05
2024-01-19 01:29:58,573:INFO: - Eval metrics: precison: 75.78; recall: 73.13; f1: 74.43
2024-01-19 01:29:58,585:INFO: Epoch 23/100
2024-01-19 01:30:15,426:INFO: - Train metrics: precison: 99.14; recall: 99.47; f1: 99.30; loss: 00.04
2024-01-19 01:30:17,198:INFO: - Eval metrics: precison: 73.95; recall: 75.99; f1: 74.96
2024-01-19 01:30:17,209:INFO: Epoch 24/100
2024-01-19 01:30:34,108:INFO: - Train metrics: precison: 99.27; recall: 99.68; f1: 99.48; loss: 00.03
2024-01-19 01:30:35,873:INFO: - Eval metrics: precison: 73.00; recall: 76.75; f1: 74.83
2024-01-19 01:30:35,884:INFO: Epoch 25/100
2024-01-19 01:30:52,720:INFO: - Train metrics: precison: 98.49; recall: 91.99; f1: 95.13; loss: 00.02
2024-01-19 01:30:54,499:INFO: - Eval metrics: precison: 77.34; recall: 66.83; f1: 71.70
2024-01-19 01:30:54,510:INFO: Epoch 26/100
2024-01-19 01:31:11,400:INFO: - Train metrics: precison: 99.59; recall: 99.79; f1: 99.69; loss: 00.02
2024-01-19 01:31:13,182:INFO: - Eval metrics: precison: 73.62; recall: 76.08; f1: 74.83
2024-01-19 01:31:13,193:INFO: Epoch 27/100
2024-01-19 01:31:30,100:INFO: - Train metrics: precison: 99.68; recall: 99.77; f1: 99.73; loss: 00.02
2024-01-19 01:31:31,871:INFO: - Eval metrics: precison: 73.86; recall: 75.91; f1: 74.87
2024-01-19 01:31:31,883:INFO: Epoch 28/100
2024-01-19 01:31:48,689:INFO: - Train metrics: precison: 99.70; recall: 99.85; f1: 99.77; loss: 00.01
2024-01-19 01:31:50,470:INFO: - Eval metrics: precison: 73.78; recall: 75.73; f1: 74.74
2024-01-19 01:31:50,481:INFO: Epoch 29/100
2024-01-19 01:32:07,303:INFO: - Train metrics: precison: 99.80; recall: 99.85; f1: 99.83; loss: 00.01
2024-01-19 01:32:09,072:INFO: - Eval metrics: precison: 74.38; recall: 75.15; f1: 74.76
2024-01-19 01:32:09,083:INFO: Epoch 30/100
2024-01-19 01:32:25,935:INFO: - Train metrics: precison: 99.83; recall: 99.92; f1: 99.88; loss: 00.01
2024-01-19 01:32:27,708:INFO: - Eval metrics: precison: 73.87; recall: 75.82; f1: 74.83
2024-01-19 01:32:27,719:INFO: Epoch 31/100
2024-01-19 01:32:44,619:INFO: - Train metrics: precison: 99.89; recall: 99.95; f1: 99.92; loss: 00.01
2024-01-19 01:32:46,395:INFO: - Eval metrics: precison: 73.84; recall: 75.32; f1: 74.57
2024-01-19 01:32:46,407:INFO: Epoch 32/100
2024-01-19 01:33:03,384:INFO: - Train metrics: precison: 99.82; recall: 99.94; f1: 99.88; loss: 00.01
2024-01-19 01:33:05,142:INFO: - Eval metrics: precison: 73.13; recall: 75.82; f1: 74.45
2024-01-19 01:33:05,154:INFO: Epoch 33/100
2024-01-19 01:33:21,968:INFO: - Train metrics: precison: 99.88; recall: 99.92; f1: 99.90; loss: 00.01
2024-01-19 01:33:23,752:INFO: - Eval metrics: precison: 74.25; recall: 75.15; f1: 74.69
2024-01-19 01:33:23,763:INFO: Epoch 34/100
2024-01-19 01:33:40,642:INFO: - Train metrics: precison: 99.89; recall: 99.92; f1: 99.91; loss: 00.01
2024-01-19 01:33:42,407:INFO: - Eval metrics: precison: 74.08; recall: 74.88; f1: 74.48
2024-01-19 01:33:42,418:INFO: Epoch 35/100
2024-01-19 01:33:59,312:INFO: - Train metrics: precison: 99.91; recall: 99.94; f1: 99.92; loss: 00.01
2024-01-19 01:34:01,077:INFO: - Eval metrics: precison: 74.28; recall: 74.61; f1: 74.44
2024-01-19 01:34:01,088:INFO: Epoch 36/100
2024-01-19 01:34:18,300:INFO: - Train metrics: precison: 99.94; recall: 99.94; f1: 99.94; loss: 00.01
2024-01-19 01:34:20,038:INFO: - Eval metrics: precison: 74.28; recall: 74.25; f1: 74.27
2024-01-19 01:34:20,048:INFO: Epoch 37/100
2024-01-19 01:34:37,782:INFO: - Train metrics: precison: 99.92; recall: 99.94; f1: 99.93; loss: 00.01
2024-01-19 01:34:39,667:INFO: - Eval metrics: precison: 74.07; recall: 74.70; f1: 74.38
2024-01-19 01:34:39,677:INFO: Epoch 38/100
2024-01-19 01:34:57,732:INFO: - Train metrics: precison: 99.92; recall: 99.94; f1: 99.93; loss: 00.01
2024-01-19 01:34:59,608:INFO: - Eval metrics: precison: 74.13; recall: 75.06; f1: 74.59
2024-01-19 01:34:59,618:INFO: Epoch 39/100
2024-01-19 01:35:17,542:INFO: - Train metrics: precison: 99.94; recall: 99.94; f1: 99.94; loss: 00.00
2024-01-19 01:35:19,424:INFO: - Eval metrics: precison: 74.15; recall: 74.25; f1: 74.20
2024-01-19 01:35:19,435:INFO: Epoch 40/100
2024-01-19 01:35:37,401:INFO: - Train metrics: precison: 99.94; recall: 99.95; f1: 99.95; loss: 00.00
2024-01-19 01:35:39,272:INFO: - Eval metrics: precison: 74.33; recall: 74.03; f1: 74.18
2024-01-19 01:35:39,282:INFO: Epoch 41/100
2024-01-19 01:35:57,228:INFO: - Train metrics: precison: 99.97; recall: 99.95; f1: 99.96; loss: 00.00
2024-01-19 01:35:59,092:INFO: - Eval metrics: precison: 74.36; recall: 74.16; f1: 74.26
2024-01-19 01:35:59,103:INFO: Epoch 42/100
2024-01-19 01:36:17,052:INFO: - Train metrics: precison: 99.95; recall: 99.97; f1: 99.96; loss: 00.00
2024-01-19 01:36:18,950:INFO: - Eval metrics: precison: 74.49; recall: 74.52; f1: 74.50
2024-01-19 01:36:18,961:INFO: Epoch 43/100
2024-01-19 01:36:36,847:INFO: - Train metrics: precison: 99.94; recall: 99.98; f1: 99.96; loss: 00.00
2024-01-19 01:36:38,733:INFO: - Eval metrics: precison: 74.09; recall: 75.41; f1: 74.75
2024-01-19 01:36:38,744:INFO: Epoch 44/100
2024-01-19 01:36:56,693:INFO: - Train metrics: precison: 99.95; recall: 99.97; f1: 99.96; loss: 00.00
2024-01-19 01:36:58,587:INFO: - Eval metrics: precison: 74.64; recall: 74.34; f1: 74.49
2024-01-19 01:36:58,598:INFO: Epoch 45/100
2024-01-19 01:37:16,587:INFO: - Train metrics: precison: 99.95; recall: 99.97; f1: 99.96; loss: 00.00
2024-01-19 01:37:18,467:INFO: - Eval metrics: precison: 74.65; recall: 74.39; f1: 74.52
2024-01-19 01:37:18,477:INFO: Epoch 46/100
2024-01-19 01:37:36,405:INFO: - Train metrics: precison: 99.95; recall: 99.97; f1: 99.96; loss: 00.00
2024-01-19 01:37:38,301:INFO: - Eval metrics: precison: 74.86; recall: 74.30; f1: 74.58
2024-01-19 01:37:38,312:INFO: Epoch 47/100
2024-01-19 01:37:56,370:INFO: - Train metrics: precison: 99.95; recall: 99.97; f1: 99.96; loss: 00.00
2024-01-19 01:37:58,307:INFO: - Eval metrics: precison: 74.68; recall: 74.74; f1: 74.71
2024-01-19 01:37:58,319:INFO: Epoch 48/100
2024-01-19 01:38:16,360:INFO: - Train metrics: precison: 99.95; recall: 99.97; f1: 99.96; loss: 00.00
2024-01-19 01:38:18,283:INFO: - Eval metrics: precison: 74.91; recall: 74.34; f1: 74.62
2024-01-19 01:38:18,294:INFO: Epoch 49/100
2024-01-19 01:38:36,266:INFO: - Train metrics: precison: 99.95; recall: 99.97; f1: 99.96; loss: 00.00
2024-01-19 01:38:38,152:INFO: - Eval metrics: precison: 74.97; recall: 74.56; f1: 74.76
2024-01-19 01:38:38,163:INFO: Epoch 50/100
2024-01-19 01:38:56,174:INFO: - Train metrics: precison: 99.97; recall: 99.98; f1: 99.98; loss: 00.00
2024-01-19 01:38:58,068:INFO: - Eval metrics: precison: 74.96; recall: 74.65; f1: 74.80
2024-01-19 01:38:58,079:INFO: Epoch 51/100
2024-01-19 01:39:16,256:INFO: - Train metrics: precison: 99.97; recall: 99.98; f1: 99.98; loss: 00.00
2024-01-19 01:39:18,171:INFO: - Eval metrics: precison: 74.94; recall: 74.47; f1: 74.71
2024-01-19 01:39:18,182:INFO: Epoch 52/100
2024-01-19 01:39:36,163:INFO: - Train metrics: precison: 99.97; recall: 100.00; f1: 99.98; loss: 00.00
2024-01-19 01:39:38,058:INFO: - Eval metrics: precison: 74.89; recall: 74.65; f1: 74.77
2024-01-19 01:39:38,068:INFO: Epoch 53/100
2024-01-19 01:39:56,086:INFO: - Train metrics: precison: 99.95; recall: 99.98; f1: 99.97; loss: 00.00
2024-01-19 01:39:57,944:INFO: - Eval metrics: precison: 74.90; recall: 74.56; f1: 74.73
2024-01-19 01:39:57,955:INFO: Epoch 54/100
2024-01-19 01:40:15,894:INFO: - Train metrics: precison: 99.97; recall: 100.00; f1: 99.98; loss: 00.00
2024-01-19 01:40:17,768:INFO: - Eval metrics: precison: 74.77; recall: 74.70; f1: 74.73
2024-01-19 01:40:17,779:INFO: Epoch 55/100
2024-01-19 01:40:35,736:INFO: - Train metrics: precison: 99.97; recall: 100.00; f1: 99.98; loss: 00.00
2024-01-19 01:40:37,629:INFO: - Eval metrics: precison: 74.78; recall: 74.34; f1: 74.56
2024-01-19 01:40:37,640:INFO: Epoch 56/100
2024-01-19 01:40:55,685:INFO: - Train metrics: precison: 99.98; recall: 100.00; f1: 99.99; loss: 00.00
2024-01-19 01:40:57,567:INFO: - Eval metrics: precison: 74.80; recall: 74.43; f1: 74.61
2024-01-19 01:40:57,577:INFO: Epoch 57/100
2024-01-19 01:41:15,469:INFO: - Train metrics: precison: 99.98; recall: 100.00; f1: 99.99; loss: 00.00
2024-01-19 01:41:17,376:INFO: - Eval metrics: precison: 74.75; recall: 74.39; f1: 74.57
2024-01-19 01:41:17,387:INFO: best val f1: 75.88
2024-01-19 01:49:20,359:INFO: Loading the datasets...
2024-01-19 01:49:26,373:INFO: - done.
2024-01-19 01:49:26,411:INFO: Starting training for 100  epoch(s)
2024-01-19 01:49:26,411:INFO: Epoch 1/100
2024-01-19 01:49:46,897:INFO: - Train metrics: precison: 00.00; recall: 00.00; f1: 00.00; loss: 02.72
2024-01-19 01:49:49,012:INFO: - Eval metrics: precison: 00.00; recall: 00.00; f1: 00.00
2024-01-19 01:49:49,023:INFO: Epoch 2/100
2024-01-19 01:50:07,512:INFO: - Train metrics: precison: 31.43; recall: 00.17; f1: 00.33; loss: 02.66
2024-01-19 01:50:09,349:INFO: - Eval metrics: precison: 57.14; recall: 00.36; f1: 00.71
2024-01-19 01:50:09,378:INFO: - Found new best F1
2024-01-19 01:50:09,378:INFO: Epoch 3/100
2024-01-19 01:50:27,473:INFO: - Train metrics: precison: 40.67; recall: 21.68; f1: 28.29; loss: 02.53
2024-01-19 01:50:29,289:INFO: - Eval metrics: precison: 37.47; recall: 19.58; f1: 25.72
2024-01-19 01:50:29,316:INFO: - Found new best F1
2024-01-19 01:50:29,317:INFO: Epoch 4/100
2024-01-19 01:50:47,431:INFO: - Train metrics: precison: 46.85; recall: 35.83; f1: 40.60; loss: 02.28
2024-01-19 01:50:49,235:INFO: - Eval metrics: precison: 45.62; recall: 34.42; f1: 39.24
2024-01-19 01:50:49,266:INFO: - Found new best F1
2024-01-19 01:50:49,266:INFO: Epoch 5/100
2024-01-19 01:51:07,699:INFO: - Train metrics: precison: 52.99; recall: 48.03; f1: 50.39; loss: 02.06
2024-01-19 01:51:09,849:INFO: - Eval metrics: precison: 51.50; recall: 46.13; f1: 48.67
2024-01-19 01:51:09,878:INFO: - Found new best F1
2024-01-19 01:51:09,878:INFO: Epoch 6/100
2024-01-19 01:51:27,847:INFO: - Train metrics: precison: 56.44; recall: 54.40; f1: 55.40; loss: 01.89
2024-01-19 01:51:29,628:INFO: - Eval metrics: precison: 55.50; recall: 53.20; f1: 54.33
2024-01-19 01:51:29,658:INFO: - Found new best F1
2024-01-19 01:51:29,658:INFO: Epoch 7/100
2024-01-19 01:51:47,557:INFO: - Train metrics: precison: 59.82; recall: 58.06; f1: 58.92; loss: 01.75
2024-01-19 01:51:49,335:INFO: - Eval metrics: precison: 57.91; recall: 55.97; f1: 56.92
2024-01-19 01:51:49,366:INFO: - Found new best F1
2024-01-19 01:51:49,366:INFO: Epoch 8/100
2024-01-19 01:52:07,232:INFO: - Train metrics: precison: 63.94; recall: 62.06; f1: 62.99; loss: 01.66
2024-01-19 01:52:09,044:INFO: - Eval metrics: precison: 62.03; recall: 59.81; f1: 60.90
2024-01-19 01:52:09,073:INFO: - Found new best F1
2024-01-19 01:52:09,073:INFO: Epoch 9/100
2024-01-19 01:52:27,029:INFO: - Train metrics: precison: 66.50; recall: 66.24; f1: 66.37; loss: 01.59
2024-01-19 01:52:28,818:INFO: - Eval metrics: precison: 64.20; recall: 63.48; f1: 63.83
2024-01-19 01:52:28,848:INFO: - Found new best F1
2024-01-19 01:52:28,849:INFO: Epoch 10/100
2024-01-19 01:52:46,778:INFO: - Train metrics: precison: 68.01; recall: 69.00; f1: 68.50; loss: 01.53
2024-01-19 01:52:48,574:INFO: - Eval metrics: precison: 64.89; recall: 65.85; f1: 65.36
2024-01-19 01:52:48,602:INFO: - Found new best F1
2024-01-19 01:52:48,602:INFO: Epoch 11/100
2024-01-19 01:53:06,604:INFO: - Train metrics: precison: 69.91; recall: 70.90; f1: 70.40; loss: 01.47
2024-01-19 01:53:08,388:INFO: - Eval metrics: precison: 66.51; recall: 67.81; f1: 67.15
2024-01-19 01:53:08,415:INFO: - Found new best F1
2024-01-19 01:53:08,416:INFO: Epoch 12/100
2024-01-19 01:53:26,318:INFO: - Train metrics: precison: 72.13; recall: 72.34; f1: 72.23; loss: 01.42
2024-01-19 01:53:28,110:INFO: - Eval metrics: precison: 68.71; recall: 68.80; f1: 68.75
2024-01-19 01:53:28,138:INFO: - Found new best F1
2024-01-19 01:53:28,138:INFO: Epoch 13/100
2024-01-19 01:53:46,080:INFO: - Train metrics: precison: 71.76; recall: 76.01; f1: 73.82; loss: 01.38
2024-01-19 01:53:47,867:INFO: - Eval metrics: precison: 68.11; recall: 72.28; f1: 70.14
2024-01-19 01:53:47,894:INFO: - Found new best F1
2024-01-19 01:53:47,895:INFO: Epoch 14/100
2024-01-19 01:54:05,837:INFO: - Train metrics: precison: 72.41; recall: 75.84; f1: 74.09; loss: 01.32
2024-01-19 01:54:07,634:INFO: - Eval metrics: precison: 69.13; recall: 71.79; f1: 70.44
2024-01-19 01:54:07,665:INFO: - Found new best F1
2024-01-19 01:54:07,666:INFO: Epoch 15/100
2024-01-19 01:54:25,564:INFO: - Train metrics: precison: 73.79; recall: 76.59; f1: 75.16; loss: 01.30
2024-01-19 01:54:27,361:INFO: - Eval metrics: precison: 70.18; recall: 72.37; f1: 71.26
2024-01-19 01:54:27,386:INFO: - Found new best F1
2024-01-19 01:54:27,386:INFO: Epoch 16/100
2024-01-19 01:54:45,334:INFO: - Train metrics: precison: 74.18; recall: 78.48; f1: 76.27; loss: 01.26
2024-01-19 01:54:47,137:INFO: - Eval metrics: precison: 71.61; recall: 74.88; f1: 73.21
2024-01-19 01:54:47,164:INFO: - Found new best F1
2024-01-19 01:54:47,164:INFO: Epoch 17/100
2024-01-19 01:55:05,077:INFO: - Train metrics: precison: 74.86; recall: 79.30; f1: 77.02; loss: 01.22
2024-01-19 01:55:06,862:INFO: - Eval metrics: precison: 72.16; recall: 75.41; f1: 73.75
2024-01-19 01:55:06,893:INFO: - Found new best F1
2024-01-19 01:55:06,893:INFO: Epoch 18/100
2024-01-19 01:55:24,815:INFO: - Train metrics: precison: 75.77; recall: 79.15; f1: 77.42; loss: 01.21
2024-01-19 01:55:26,617:INFO: - Eval metrics: precison: 72.00; recall: 73.80; f1: 72.89
2024-01-19 01:55:26,628:INFO: Epoch 19/100
2024-01-19 01:55:44,576:INFO: - Train metrics: precison: 76.51; recall: 80.33; f1: 78.38; loss: 01.19
2024-01-19 01:55:46,348:INFO: - Eval metrics: precison: 72.54; recall: 75.10; f1: 73.80
2024-01-19 01:55:46,377:INFO: - Found new best F1
2024-01-19 01:55:46,377:INFO: Epoch 20/100
2024-01-19 01:56:04,324:INFO: - Train metrics: precison: 76.66; recall: 81.14; f1: 78.84; loss: 01.15
2024-01-19 01:56:06,106:INFO: - Eval metrics: precison: 72.83; recall: 76.22; f1: 74.49
2024-01-19 01:56:06,134:INFO: - Found new best F1
2024-01-19 01:56:06,135:INFO: Epoch 21/100
2024-01-19 01:56:24,103:INFO: - Train metrics: precison: 77.38; recall: 82.03; f1: 79.64; loss: 01.16
2024-01-19 01:56:25,889:INFO: - Eval metrics: precison: 73.46; recall: 76.98; f1: 75.18
2024-01-19 01:56:25,917:INFO: - Found new best F1
2024-01-19 01:56:25,917:INFO: Epoch 22/100
2024-01-19 01:56:44,142:INFO: - Train metrics: precison: 77.83; recall: 82.12; f1: 79.92; loss: 01.13
2024-01-19 01:56:46,002:INFO: - Eval metrics: precison: 74.01; recall: 76.49; f1: 75.23
2024-01-19 01:56:46,029:INFO: - Found new best F1
2024-01-19 01:56:46,029:INFO: Epoch 23/100
2024-01-19 01:57:04,289:INFO: - Train metrics: precison: 78.38; recall: 82.43; f1: 80.36; loss: 01.11
2024-01-19 01:57:06,080:INFO: - Eval metrics: precison: 74.40; recall: 76.67; f1: 75.52
2024-01-19 01:57:06,108:INFO: - Found new best F1
2024-01-19 01:57:06,108:INFO: Epoch 24/100
2024-01-19 01:57:23,978:INFO: - Train metrics: precison: 78.89; recall: 83.17; f1: 80.97; loss: 01.08
2024-01-19 01:57:25,773:INFO: - Eval metrics: precison: 75.15; recall: 77.87; f1: 76.49
2024-01-19 01:57:25,802:INFO: - Found new best F1
2024-01-19 01:57:25,802:INFO: Epoch 25/100
2024-01-19 01:57:43,751:INFO: - Train metrics: precison: 79.48; recall: 83.79; f1: 81.58; loss: 01.08
2024-01-19 01:57:45,548:INFO: - Eval metrics: precison: 74.91; recall: 78.10; f1: 76.47
2024-01-19 01:57:45,558:INFO: Epoch 26/100
2024-01-19 01:58:03,617:INFO: - Train metrics: precison: 79.91; recall: 84.28; f1: 82.04; loss: 01.05
2024-01-19 01:58:05,411:INFO: - Eval metrics: precison: 74.82; recall: 77.96; f1: 76.36
2024-01-19 01:58:05,422:INFO: Epoch 27/100
2024-01-19 01:58:23,477:INFO: - Train metrics: precison: 80.45; recall: 84.42; f1: 82.38; loss: 01.04
2024-01-19 01:58:25,264:INFO: - Eval metrics: precison: 75.39; recall: 78.45; f1: 76.89
2024-01-19 01:58:25,291:INFO: - Found new best F1
2024-01-19 01:58:25,291:INFO: Epoch 28/100
2024-01-19 01:58:43,230:INFO: - Train metrics: precison: 79.67; recall: 85.20; f1: 82.34; loss: 01.02
2024-01-19 01:58:45,000:INFO: - Eval metrics: precison: 74.02; recall: 78.45; f1: 76.17
2024-01-19 01:58:45,010:INFO: Epoch 29/100
2024-01-19 01:59:02,946:INFO: - Train metrics: precison: 80.39; recall: 85.68; f1: 82.95; loss: 01.01
2024-01-19 01:59:04,747:INFO: - Eval metrics: precison: 74.20; recall: 78.54; f1: 76.31
2024-01-19 01:59:04,758:INFO: Epoch 30/100
2024-01-19 01:59:22,666:INFO: - Train metrics: precison: 80.83; recall: 85.86; f1: 83.27; loss: 01.02
2024-01-19 01:59:24,465:INFO: - Eval metrics: precison: 74.14; recall: 77.92; f1: 75.98
2024-01-19 01:59:24,477:INFO: Epoch 31/100
2024-01-19 01:59:42,343:INFO: - Train metrics: precison: 81.39; recall: 86.15; f1: 83.70; loss: 00.99
2024-01-19 01:59:44,139:INFO: - Eval metrics: precison: 74.99; recall: 78.54; f1: 76.72
2024-01-19 01:59:44,150:INFO: Epoch 32/100
2024-01-19 02:00:02,012:INFO: - Train metrics: precison: 81.37; recall: 86.63; f1: 83.92; loss: 00.97
2024-01-19 02:00:03,806:INFO: - Eval metrics: precison: 75.19; recall: 79.39; f1: 77.23
2024-01-19 02:00:03,832:INFO: - Found new best F1
2024-01-19 02:00:03,832:INFO: Epoch 33/100
2024-01-19 02:00:21,662:INFO: - Train metrics: precison: 81.52; recall: 87.10; f1: 84.22; loss: 00.95
2024-01-19 02:00:23,443:INFO: - Eval metrics: precison: 74.21; recall: 78.86; f1: 76.46
2024-01-19 02:00:23,454:INFO: Epoch 34/100
2024-01-19 02:00:41,337:INFO: - Train metrics: precison: 82.47; recall: 87.10; f1: 84.72; loss: 00.96
2024-01-19 02:00:43,122:INFO: - Eval metrics: precison: 75.64; recall: 78.72; f1: 77.15
2024-01-19 02:00:43,133:INFO: Epoch 35/100
2024-01-19 02:01:01,032:INFO: - Train metrics: precison: 82.43; recall: 87.75; f1: 85.01; loss: 00.95
2024-01-19 02:01:02,825:INFO: - Eval metrics: precison: 75.77; recall: 79.12; f1: 77.41
2024-01-19 02:01:02,854:INFO: - Found new best F1
2024-01-19 02:01:02,854:INFO: Epoch 36/100
2024-01-19 02:01:20,749:INFO: - Train metrics: precison: 82.80; recall: 87.81; f1: 85.23; loss: 00.95
2024-01-19 02:01:22,538:INFO: - Eval metrics: precison: 75.30; recall: 79.17; f1: 77.18
2024-01-19 02:01:22,549:INFO: Epoch 37/100
2024-01-19 02:01:40,473:INFO: - Train metrics: precison: 83.13; recall: 88.22; f1: 85.60; loss: 00.92
2024-01-19 02:01:42,262:INFO: - Eval metrics: precison: 75.28; recall: 78.95; f1: 77.07
2024-01-19 02:01:42,273:INFO: Epoch 38/100
2024-01-19 02:02:00,184:INFO: - Train metrics: precison: 84.02; recall: 88.19; f1: 86.06; loss: 00.91
2024-01-19 02:02:01,981:INFO: - Eval metrics: precison: 76.32; recall: 79.26; f1: 77.76
2024-01-19 02:02:02,009:INFO: - Found new best F1
2024-01-19 02:02:02,009:INFO: Epoch 39/100
2024-01-19 02:02:19,896:INFO: - Train metrics: precison: 83.34; recall: 88.38; f1: 85.79; loss: 00.91
2024-01-19 02:02:21,686:INFO: - Eval metrics: precison: 75.26; recall: 78.99; f1: 77.08
2024-01-19 02:02:21,697:INFO: Epoch 40/100
2024-01-19 02:02:39,592:INFO: - Train metrics: precison: 83.86; recall: 88.98; f1: 86.34; loss: 00.88
2024-01-19 02:02:41,373:INFO: - Eval metrics: precison: 76.06; recall: 79.84; f1: 77.91
2024-01-19 02:02:41,401:INFO: - Found new best F1
2024-01-19 02:02:41,403:INFO: Epoch 41/100
2024-01-19 02:02:59,371:INFO: - Train metrics: precison: 83.70; recall: 89.27; f1: 86.39; loss: 00.87
2024-01-19 02:03:01,160:INFO: - Eval metrics: precison: 75.31; recall: 79.88; f1: 77.53
2024-01-19 02:03:01,171:INFO: Epoch 42/100
2024-01-19 02:03:19,099:INFO: - Train metrics: precison: 85.07; recall: 89.14; f1: 87.05; loss: 00.87
2024-01-19 02:03:20,871:INFO: - Eval metrics: precison: 76.99; recall: 79.70; f1: 78.32
2024-01-19 02:03:20,897:INFO: - Found new best F1
2024-01-19 02:03:20,897:INFO: Epoch 43/100
2024-01-19 02:03:38,783:INFO: - Train metrics: precison: 85.56; recall: 89.12; f1: 87.30; loss: 00.86
2024-01-19 02:03:40,592:INFO: - Eval metrics: precison: 77.05; recall: 79.08; f1: 78.05
2024-01-19 02:03:40,603:INFO: Epoch 44/100
2024-01-19 02:03:58,456:INFO: - Train metrics: precison: 84.64; recall: 89.97; f1: 87.22; loss: 00.84
2024-01-19 02:04:00,254:INFO: - Eval metrics: precison: 75.63; recall: 80.33; f1: 77.91
2024-01-19 02:04:00,265:INFO: Epoch 45/100
2024-01-19 02:04:18,135:INFO: - Train metrics: precison: 85.81; recall: 90.00; f1: 87.85; loss: 00.86
2024-01-19 02:04:19,918:INFO: - Eval metrics: precison: 77.23; recall: 80.06; f1: 78.62
2024-01-19 02:04:19,946:INFO: - Found new best F1
2024-01-19 02:04:19,947:INFO: Epoch 46/100
2024-01-19 02:04:37,839:INFO: - Train metrics: precison: 85.32; recall: 90.58; f1: 87.87; loss: 00.82
2024-01-19 02:04:39,617:INFO: - Eval metrics: precison: 76.31; recall: 80.20; f1: 78.20
2024-01-19 02:04:39,628:INFO: Epoch 47/100
2024-01-19 02:04:57,473:INFO: - Train metrics: precison: 85.66; recall: 90.58; f1: 88.05; loss: 00.82
2024-01-19 02:04:59,267:INFO: - Eval metrics: precison: 76.18; recall: 80.20; f1: 78.14
2024-01-19 02:04:59,277:INFO: Epoch 48/100
2024-01-19 02:05:17,165:INFO: - Train metrics: precison: 86.46; recall: 90.52; f1: 88.44; loss: 00.84
2024-01-19 02:05:18,954:INFO: - Eval metrics: precison: 76.65; recall: 79.84; f1: 78.21
2024-01-19 02:05:18,965:INFO: Epoch 49/100
2024-01-19 02:05:36,876:INFO: - Train metrics: precison: 86.71; recall: 91.12; f1: 88.86; loss: 00.82
2024-01-19 02:05:38,662:INFO: - Eval metrics: precison: 76.77; recall: 80.51; f1: 78.59
2024-01-19 02:05:38,674:INFO: Epoch 50/100
2024-01-19 02:05:57,773:INFO: - Train metrics: precison: 86.92; recall: 91.23; f1: 89.02; loss: 00.80
2024-01-19 02:05:59,694:INFO: - Eval metrics: precison: 76.39; recall: 80.42; f1: 78.35
2024-01-19 02:05:59,706:INFO: Epoch 51/100
2024-01-19 02:06:19,158:INFO: - Train metrics: precison: 87.17; recall: 91.53; f1: 89.30; loss: 00.81
2024-01-19 02:06:21,115:INFO: - Eval metrics: precison: 76.93; recall: 80.33; f1: 78.59
2024-01-19 02:06:21,126:INFO: Epoch 52/100
2024-01-19 02:06:39,558:INFO: - Train metrics: precison: 87.25; recall: 92.17; f1: 89.64; loss: 00.78
2024-01-19 02:06:41,367:INFO: - Eval metrics: precison: 75.97; recall: 80.69; f1: 78.26
2024-01-19 02:06:41,378:INFO: Epoch 53/100
2024-01-19 02:06:59,440:INFO: - Train metrics: precison: 87.94; recall: 91.71; f1: 89.79; loss: 00.78
2024-01-19 02:07:01,260:INFO: - Eval metrics: precison: 76.71; recall: 79.93; f1: 78.28
2024-01-19 02:07:01,271:INFO: Epoch 54/100
2024-01-19 02:07:19,311:INFO: - Train metrics: precison: 86.97; recall: 92.28; f1: 89.54; loss: 00.78
2024-01-19 02:07:21,177:INFO: - Eval metrics: precison: 75.44; recall: 80.73; f1: 78.00
2024-01-19 02:07:21,189:INFO: Epoch 55/100
2024-01-19 02:07:39,294:INFO: - Train metrics: precison: 87.96; recall: 92.32; f1: 90.09; loss: 00.78
2024-01-19 02:07:41,101:INFO: - Eval metrics: precison: 76.62; recall: 80.42; f1: 78.47
2024-01-19 02:07:41,112:INFO: Epoch 56/100
2024-01-19 02:07:59,262:INFO: - Train metrics: precison: 87.86; recall: 92.22; f1: 89.98; loss: 00.75
2024-01-19 02:08:01,140:INFO: - Eval metrics: precison: 76.72; recall: 80.42; f1: 78.52
2024-01-19 02:08:01,151:INFO: Epoch 57/100
2024-01-19 02:08:19,733:INFO: - Train metrics: precison: 88.33; recall: 93.00; f1: 90.61; loss: 00.76
2024-01-19 02:08:21,576:INFO: - Eval metrics: precison: 76.13; recall: 80.69; f1: 78.34
2024-01-19 02:08:21,587:INFO: Epoch 58/100
2024-01-19 02:08:39,669:INFO: - Train metrics: precison: 88.08; recall: 92.66; f1: 90.31; loss: 00.74
2024-01-19 02:08:41,468:INFO: - Eval metrics: precison: 76.66; recall: 80.91; f1: 78.73
2024-01-19 02:08:41,496:INFO: - Found new best F1
2024-01-19 02:08:41,497:INFO: Epoch 59/100
2024-01-19 02:08:59,468:INFO: - Train metrics: precison: 88.66; recall: 92.76; f1: 90.66; loss: 00.73
2024-01-19 02:09:01,273:INFO: - Eval metrics: precison: 76.89; recall: 80.33; f1: 78.57
2024-01-19 02:09:01,285:INFO: Epoch 60/100
2024-01-19 02:09:19,385:INFO: - Train metrics: precison: 88.58; recall: 92.66; f1: 90.57; loss: 00.71
2024-01-19 02:09:21,249:INFO: - Eval metrics: precison: 76.29; recall: 79.97; f1: 78.09
2024-01-19 02:09:21,260:INFO: Epoch 61/100
2024-01-19 02:09:51,663:INFO: - Train metrics: precison: 88.49; recall: 93.11; f1: 90.74; loss: 00.73
2024-01-19 02:09:56,065:INFO: - Eval metrics: precison: 76.83; recall: 80.91; f1: 78.82
2024-01-19 02:09:56,106:INFO: - Found new best F1
2024-01-19 02:09:56,107:INFO: Epoch 62/100
2024-01-19 02:10:29,650:INFO: - Train metrics: precison: 88.80; recall: 93.13; f1: 90.91; loss: 00.71
2024-01-19 02:10:33,224:INFO: - Eval metrics: precison: 76.44; recall: 80.51; f1: 78.42
2024-01-19 02:10:33,235:INFO: Epoch 63/100
2024-01-19 02:11:08,817:INFO: - Train metrics: precison: 89.37; recall: 93.98; f1: 91.61; loss: 00.71
2024-01-19 02:11:11,804:INFO: - Eval metrics: precison: 76.93; recall: 81.22; f1: 79.02
2024-01-19 02:11:11,839:INFO: - Found new best F1
2024-01-19 02:11:11,839:INFO: Epoch 64/100
2024-01-19 02:11:48,337:INFO: - Train metrics: precison: 89.21; recall: 93.73; f1: 91.42; loss: 00.71
2024-01-19 02:11:51,621:INFO: - Eval metrics: precison: 76.53; recall: 80.73; f1: 78.57
2024-01-19 02:11:51,638:INFO: Epoch 65/100
2024-01-19 02:12:28,026:INFO: - Train metrics: precison: 89.33; recall: 93.73; f1: 91.48; loss: 00.69
2024-01-19 02:12:32,248:INFO: - Eval metrics: precison: 76.69; recall: 81.18; f1: 78.87
2024-01-19 02:12:32,262:INFO: Epoch 66/100
2024-01-19 02:13:08,458:INFO: - Train metrics: precison: 89.64; recall: 93.64; f1: 91.60; loss: 00.69
2024-01-19 02:13:12,481:INFO: - Eval metrics: precison: 77.17; recall: 80.82; f1: 78.95
2024-01-19 02:13:12,502:INFO: Epoch 67/100
2024-01-19 02:13:47,696:INFO: - Train metrics: precison: 90.31; recall: 94.05; f1: 92.14; loss: 00.68
2024-01-19 02:13:51,656:INFO: - Eval metrics: precison: 77.49; recall: 80.78; f1: 79.10
2024-01-19 02:13:51,688:INFO: - Found new best F1
2024-01-19 02:13:51,689:INFO: Epoch 68/100
2024-01-19 02:14:35,250:INFO: - Train metrics: precison: 90.38; recall: 94.28; f1: 92.29; loss: 00.69
2024-01-19 02:14:38,851:INFO: - Eval metrics: precison: 77.12; recall: 80.60; f1: 78.82
2024-01-19 02:14:38,865:INFO: Epoch 69/100
2024-01-19 02:15:19,871:INFO: - Train metrics: precison: 91.13; recall: 94.37; f1: 92.72; loss: 00.68
2024-01-19 02:15:23,432:INFO: - Eval metrics: precison: 77.33; recall: 79.88; f1: 78.58
2024-01-19 02:15:23,444:INFO: Epoch 70/100
2024-01-19 02:16:00,952:INFO: - Train metrics: precison: 90.69; recall: 94.70; f1: 92.65; loss: 00.67
2024-01-19 02:16:04,929:INFO: - Eval metrics: precison: 77.00; recall: 80.82; f1: 78.87
2024-01-19 02:16:04,944:INFO: Epoch 71/100
2024-01-19 02:16:37,146:INFO: - Train metrics: precison: 89.56; recall: 95.13; f1: 92.26; loss: 00.66
2024-01-19 02:16:40,389:INFO: - Eval metrics: precison: 75.61; recall: 81.22; f1: 78.32
2024-01-19 02:16:40,403:INFO: Epoch 72/100
2024-01-19 02:17:00,545:INFO: - Train metrics: precison: 91.47; recall: 94.52; f1: 92.97; loss: 00.66
2024-01-19 02:17:02,448:INFO: - Eval metrics: precison: 77.72; recall: 80.33; f1: 79.01
2024-01-19 02:17:02,459:INFO: Epoch 73/100
2024-01-19 02:17:21,778:INFO: - Train metrics: precison: 91.91; recall: 94.93; f1: 93.39; loss: 00.64
2024-01-19 02:17:23,662:INFO: - Eval metrics: precison: 77.70; recall: 80.82; f1: 79.23
2024-01-19 02:17:23,689:INFO: - Found new best F1
2024-01-19 02:17:23,690:INFO: Epoch 74/100
2024-01-19 02:17:42,804:INFO: - Train metrics: precison: 91.41; recall: 94.75; f1: 93.05; loss: 00.63
2024-01-19 02:17:44,735:INFO: - Eval metrics: precison: 77.04; recall: 80.38; f1: 78.67
2024-01-19 02:17:44,747:INFO: Epoch 75/100
2024-01-19 02:18:03,853:INFO: - Train metrics: precison: 91.69; recall: 94.93; f1: 93.28; loss: 00.63
2024-01-19 02:18:05,718:INFO: - Eval metrics: precison: 77.32; recall: 80.78; f1: 79.01
2024-01-19 02:18:05,729:INFO: Epoch 76/100
2024-01-19 02:18:24,303:INFO: - Train metrics: precison: 91.91; recall: 95.54; f1: 93.69; loss: 00.64
2024-01-19 02:18:26,141:INFO: - Eval metrics: precison: 77.54; recall: 81.18; f1: 79.32
2024-01-19 02:18:26,167:INFO: - Found new best F1
2024-01-19 02:18:26,167:INFO: Epoch 77/100
2024-01-19 02:18:44,712:INFO: - Train metrics: precison: 92.66; recall: 95.08; f1: 93.86; loss: 00.61
2024-01-19 02:18:46,559:INFO: - Eval metrics: precison: 77.68; recall: 79.97; f1: 78.81
2024-01-19 02:18:46,571:INFO: Epoch 78/100
2024-01-19 02:19:05,084:INFO: - Train metrics: precison: 92.89; recall: 95.33; f1: 94.09; loss: 00.61
2024-01-19 02:19:06,883:INFO: - Eval metrics: precison: 78.00; recall: 80.38; f1: 79.17
2024-01-19 02:19:06,894:INFO: Epoch 79/100
2024-01-19 02:19:24,745:INFO: - Train metrics: precison: 92.21; recall: 95.40; f1: 93.78; loss: 00.63
2024-01-19 02:19:26,537:INFO: - Eval metrics: precison: 77.28; recall: 80.91; f1: 79.06
2024-01-19 02:19:26,548:INFO: Epoch 80/100
2024-01-19 02:19:44,401:INFO: - Train metrics: precison: 93.28; recall: 95.60; f1: 94.42; loss: 00.59
2024-01-19 02:19:46,193:INFO: - Eval metrics: precison: 78.20; recall: 80.33; f1: 79.25
2024-01-19 02:19:46,204:INFO: Epoch 81/100
2024-01-19 02:20:03,997:INFO: - Train metrics: precison: 93.04; recall: 95.80; f1: 94.40; loss: 00.59
2024-01-19 02:20:05,784:INFO: - Eval metrics: precison: 77.63; recall: 81.27; f1: 79.41
2024-01-19 02:20:05,810:INFO: - Found new best F1
2024-01-19 02:20:05,811:INFO: Epoch 82/100
2024-01-19 02:20:23,651:INFO: - Train metrics: precison: 93.47; recall: 95.83; f1: 94.64; loss: 00.58
2024-01-19 02:20:25,431:INFO: - Eval metrics: precison: 78.65; recall: 81.36; f1: 79.98
2024-01-19 02:20:25,458:INFO: - Found new best F1
2024-01-19 02:20:25,459:INFO: Epoch 83/100
2024-01-19 02:20:43,349:INFO: - Train metrics: precison: 93.43; recall: 96.22; f1: 94.80; loss: 00.58
2024-01-19 02:20:45,131:INFO: - Eval metrics: precison: 78.22; recall: 82.03; f1: 80.08
2024-01-19 02:20:45,163:INFO: - Found new best F1
2024-01-19 02:20:45,163:INFO: Epoch 84/100
2024-01-19 02:21:03,073:INFO: - Train metrics: precison: 94.04; recall: 95.83; f1: 94.93; loss: 00.58
2024-01-19 02:21:04,843:INFO: - Eval metrics: precison: 78.88; recall: 80.46; f1: 79.66
2024-01-19 02:21:04,854:INFO: Epoch 85/100
2024-01-19 02:21:23,418:INFO: - Train metrics: precison: 94.18; recall: 96.42; f1: 95.28; loss: 00.56
2024-01-19 02:21:25,294:INFO: - Eval metrics: precison: 78.28; recall: 80.87; f1: 79.55
2024-01-19 02:21:25,305:INFO: Epoch 86/100
2024-01-19 02:21:43,805:INFO: - Train metrics: precison: 93.69; recall: 96.28; f1: 94.97; loss: 00.56
2024-01-19 02:21:45,711:INFO: - Eval metrics: precison: 77.96; recall: 80.82; f1: 79.37
2024-01-19 02:21:45,721:INFO: Epoch 87/100
2024-01-19 02:22:04,044:INFO: - Train metrics: precison: 94.25; recall: 96.19; f1: 95.21; loss: 00.57
2024-01-19 02:22:05,903:INFO: - Eval metrics: precison: 78.13; recall: 80.51; f1: 79.30
2024-01-19 02:22:05,914:INFO: Epoch 88/100
2024-01-19 02:22:23,899:INFO: - Train metrics: precison: 93.79; recall: 96.28; f1: 95.02; loss: 00.55
2024-01-19 02:22:25,736:INFO: - Eval metrics: precison: 77.87; recall: 80.87; f1: 79.34
2024-01-19 02:22:25,747:INFO: Epoch 89/100
2024-01-19 02:22:44,424:INFO: - Train metrics: precison: 93.70; recall: 95.99; f1: 94.84; loss: 00.55
2024-01-19 02:22:46,232:INFO: - Eval metrics: precison: 78.41; recall: 80.87; f1: 79.62
2024-01-19 02:22:46,243:INFO: Epoch 90/100
2024-01-19 02:23:04,707:INFO: - Train metrics: precison: 94.06; recall: 96.56; f1: 95.29; loss: 00.54
2024-01-19 02:23:06,557:INFO: - Eval metrics: precison: 77.79; recall: 80.78; f1: 79.25
2024-01-19 02:23:06,568:INFO: Epoch 91/100
2024-01-19 02:23:24,654:INFO: - Train metrics: precison: 94.20; recall: 96.56; f1: 95.36; loss: 00.55
2024-01-19 02:23:26,465:INFO: - Eval metrics: precison: 78.94; recall: 81.76; f1: 80.32
2024-01-19 02:23:26,495:INFO: - Found new best F1
2024-01-19 02:23:26,496:INFO: Epoch 92/100
2024-01-19 02:23:44,657:INFO: - Train metrics: precison: 95.05; recall: 96.69; f1: 95.86; loss: 00.55
2024-01-19 02:23:46,433:INFO: - Eval metrics: precison: 79.14; recall: 80.91; f1: 80.02
2024-01-19 02:23:46,445:INFO: Epoch 93/100
2024-01-19 02:24:04,818:INFO: - Train metrics: precison: 94.45; recall: 96.75; f1: 95.59; loss: 00.53
2024-01-19 02:24:06,633:INFO: - Eval metrics: precison: 78.00; recall: 80.82; f1: 79.39
2024-01-19 02:24:06,644:INFO: Epoch 94/100
2024-01-19 02:24:26,321:INFO: - Train metrics: precison: 95.19; recall: 96.72; f1: 95.95; loss: 00.54
2024-01-19 02:24:28,373:INFO: - Eval metrics: precison: 79.01; recall: 80.78; f1: 79.89
2024-01-19 02:24:28,385:INFO: Epoch 95/100
2024-01-19 02:24:48,349:INFO: - Train metrics: precison: 94.43; recall: 96.66; f1: 95.53; loss: 00.52
2024-01-19 02:24:50,311:INFO: - Eval metrics: precison: 78.67; recall: 81.27; f1: 79.95
2024-01-19 02:24:50,324:INFO: Epoch 96/100
2024-01-19 02:25:10,089:INFO: - Train metrics: precison: 94.68; recall: 96.77; f1: 95.71; loss: 00.52
2024-01-19 02:25:12,132:INFO: - Eval metrics: precison: 78.23; recall: 81.14; f1: 79.66
2024-01-19 02:25:12,144:INFO: Epoch 97/100
2024-01-19 02:25:31,756:INFO: - Train metrics: precison: 94.94; recall: 96.81; f1: 95.87; loss: 00.51
2024-01-19 02:25:33,607:INFO: - Eval metrics: precison: 78.52; recall: 81.05; f1: 79.76
2024-01-19 02:25:33,619:INFO: Epoch 98/100
2024-01-19 02:25:52,336:INFO: - Train metrics: precison: 94.19; recall: 97.24; f1: 95.69; loss: 00.50
2024-01-19 02:25:54,201:INFO: - Eval metrics: precison: 76.88; recall: 81.63; f1: 79.18
2024-01-19 02:25:54,212:INFO: Epoch 99/100
2024-01-19 02:26:12,853:INFO: - Train metrics: precison: 95.20; recall: 96.95; f1: 96.07; loss: 00.50
2024-01-19 02:26:14,717:INFO: - Eval metrics: precison: 77.81; recall: 80.24; f1: 79.01
2024-01-19 02:26:14,728:INFO: Epoch 100/100
2024-01-19 02:26:33,484:INFO: - Train metrics: precison: 95.12; recall: 97.25; f1: 96.17; loss: 00.48
2024-01-19 02:26:35,366:INFO: - Eval metrics: precison: 77.93; recall: 81.14; f1: 79.50
2024-01-19 02:26:35,387:INFO: best val f1: 80.32
